e:\project\gametech_2017\build\ncltech\release\ncltech.pdb
e:\project\gametech_2017\build\ncltech\release\spherecollisionshape.obj
e:\project\gametech_2017\build\ncltech\release\objectmesh.obj
e:\project\gametech_2017\build\ncltech\release\screenpicker.obj
e:\project\gametech_2017\build\ncltech\release\scene.obj
e:\project\gametech_2017\build\ncltech\release\scenerenderer.obj
e:\project\gametech_2017\build\ncltech\release\scenemanager.obj
e:\project\gametech_2017\build\ncltech\release\renderlist.obj
e:\project\gametech_2017\build\ncltech\release\physicsobject.obj
e:\project\gametech_2017\build\ncltech\release\physicsengine.obj
e:\project\gametech_2017\build\ncltech\release\manifold.obj
e:\project\gametech_2017\build\ncltech\release\hull.obj
e:\project\gametech_2017\build\ncltech\release\object.obj
e:\project\gametech_2017\build\ncltech\release\ncldebug.obj
e:\project\gametech_2017\build\ncltech\release\objectmeshdragable.obj
e:\project\gametech_2017\build\ncltech\release\networkbase.obj
e:\project\gametech_2017\build\ncltech\release\cuboidcollisionshape.obj
e:\project\gametech_2017\build\ncltech\release\commonutils.obj
e:\project\gametech_2017\build\ncltech\release\commonmeshes.obj
e:\project\gametech_2017\build\ncltech\release\collisiondetectionsat.obj
e:\project\gametech_2017\build\release\ncltech.lib
e:\project\gametech_2017\build\ncltech\release\ncltech.tlog\cl.command.1.tlog
e:\project\gametech_2017\build\ncltech\release\ncltech.tlog\cl.read.1.tlog
e:\project\gametech_2017\build\ncltech\release\ncltech.tlog\cl.write.1.tlog
e:\project\gametech_2017\build\ncltech\release\ncltech.tlog\lib-link.read.1.tlog
e:\project\gametech_2017\build\ncltech\release\ncltech.tlog\lib-link.write.1.tlog
e:\project\gametech_2017\build\ncltech\release\ncltech.tlog\lib.command.1.tlog
